{"/Users/princesehrawat/collegedunia/coffee-machine/src/beverages.ts": {"path":"/Users/princesehrawat/collegedunia/coffee-machine/src/beverages.ts","statementMap":{"0":{"start":{"line":12,"column":4},"end":{"line":12,"column":21}},"1":{"start":{"line":13,"column":4},"end":{"line":13,"column":35}}},"fnMap":{"0":{"name":"(anonymous_0)","decl":{"start":{"line":11,"column":2},"end":{"line":11,"column":3}},"loc":{"start":{"line":11,"column":65},"end":{"line":14,"column":3}},"line":11}},"branchMap":{},"s":{"0":0,"1":0},"f":{"0":0},"b":{},"_coverageSchema":"1a1c01bbd47fc00a2c39e90264f33305004495a9","hash":"6f533cd4ee7c194912ed1d74ac7e3d02e0e79a7d"}
,"/Users/princesehrawat/collegedunia/coffee-machine/src/ingredients.ts": {"path":"/Users/princesehrawat/collegedunia/coffee-machine/src/ingredients.ts","statementMap":{"0":{"start":{"line":12,"column":4},"end":{"line":12,"column":21}},"1":{"start":{"line":13,"column":4},"end":{"line":13,"column":29}}},"fnMap":{"0":{"name":"(anonymous_0)","decl":{"start":{"line":11,"column":2},"end":{"line":11,"column":3}},"loc":{"start":{"line":11,"column":46},"end":{"line":14,"column":3}},"line":11}},"branchMap":{},"s":{"0":1,"1":1},"f":{"0":1},"b":{},"_coverageSchema":"1a1c01bbd47fc00a2c39e90264f33305004495a9","hash":"4995771bfdd04aaa2ae977e1400f5019fa278a4d"}
,"/Users/princesehrawat/collegedunia/coffee-machine/src/machine.ts": {"path":"/Users/princesehrawat/collegedunia/coffee-machine/src/machine.ts","statementMap":{"0":{"start":{"line":12,"column":20},"end":{"line":12,"column":24}},"1":{"start":{"line":13,"column":27},"end":{"line":13,"column":29}},"2":{"start":{"line":20,"column":2},"end":{"line":20,"column":36}},"3":{"start":{"line":21,"column":2},"end":{"line":21,"column":78}},"4":{"start":{"line":31,"column":26},"end":{"line":31,"column":37}},"5":{"start":{"line":34,"column":4},"end":{"line":34,"column":27}},"6":{"start":{"line":35,"column":4},"end":{"line":35,"column":36}},"7":{"start":{"line":36,"column":4},"end":{"line":36,"column":27}},"8":{"start":{"line":37,"column":4},"end":{"line":39,"column":5}},"9":{"start":{"line":37,"column":17},"end":{"line":37,"column":18}},"10":{"start":{"line":38,"column":6},"end":{"line":38,"column":28}},"11":{"start":{"line":42,"column":13},"end":{"line":44,"column":3}},"12":{"start":{"line":43,"column":4},"end":{"line":43,"column":31}},"13":{"start":{"line":46,"column":18},"end":{"line":49,"column":73}},"14":{"start":{"line":49,"column":32},"end":{"line":49,"column":73}},"15":{"start":{"line":51,"column":16},"end":{"line":54,"column":65}},"16":{"start":{"line":54,"column":30},"end":{"line":54,"column":65}},"17":{"start":{"line":56,"column":23},"end":{"line":62,"column":3}},"18":{"start":{"line":59,"column":17},"end":{"line":59,"column":47}},"19":{"start":{"line":60,"column":22},"end":{"line":60,"column":46}},"20":{"start":{"line":61,"column":4},"end":{"line":61,"column":27}},"21":{"start":{"line":64,"column":18},"end":{"line":72,"column":3}},"22":{"start":{"line":65,"column":4},"end":{"line":70,"column":5}},"23":{"start":{"line":65,"column":17},"end":{"line":65,"column":18}},"24":{"start":{"line":66,"column":6},"end":{"line":69,"column":7}},"25":{"start":{"line":67,"column":8},"end":{"line":67,"column":29}},"26":{"start":{"line":68,"column":8},"end":{"line":68,"column":17}},"27":{"start":{"line":71,"column":4},"end":{"line":71,"column":69}},"28":{"start":{"line":74,"column":23},"end":{"line":91,"column":3}},"29":{"start":{"line":77,"column":17},"end":{"line":77,"column":47}},"30":{"start":{"line":78,"column":27},"end":{"line":78,"column":62}},"31":{"start":{"line":80,"column":4},"end":{"line":88,"column":5}},"32":{"start":{"line":81,"column":6},"end":{"line":83,"column":7}},"33":{"start":{"line":82,"column":8},"end":{"line":82,"column":47}},"34":{"start":{"line":84,"column":6},"end":{"line":84,"column":35}},"35":{"start":{"line":85,"column":6},"end":{"line":87,"column":7}},"36":{"start":{"line":86,"column":8},"end":{"line":86,"column":47}},"37":{"start":{"line":89,"column":4},"end":{"line":89,"column":55}},"38":{"start":{"line":90,"column":4},"end":{"line":90,"column":24}},"39":{"start":{"line":93,"column":20},"end":{"line":99,"column":3}},"40":{"start":{"line":94,"column":32},"end":{"line":94,"column":67}},"41":{"start":{"line":95,"column":19},"end":{"line":95,"column":39}},"42":{"start":{"line":96,"column":4},"end":{"line":96,"column":55}},"43":{"start":{"line":97,"column":4},"end":{"line":97,"column":62}},"44":{"start":{"line":98,"column":4},"end":{"line":98,"column":73}},"45":{"start":{"line":101,"column":23},"end":{"line":112,"column":3}},"46":{"start":{"line":102,"column":17},"end":{"line":102,"column":47}},"47":{"start":{"line":103,"column":27},"end":{"line":103,"column":62}},"48":{"start":{"line":104,"column":25},"end":{"line":106,"column":5}},"49":{"start":{"line":105,"column":17},"end":{"line":105,"column":59}},"50":{"start":{"line":107,"column":4},"end":{"line":111,"column":5}},"51":{"start":{"line":108,"column":6},"end":{"line":110,"column":8}}},"fnMap":{"0":{"name":"handleCompletion","decl":{"start":{"line":15,"column":9},"end":{"line":15,"column":25}},"loc":{"start":{"line":19,"column":2},"end":{"line":22,"column":1}},"line":19},"1":{"name":"(anonymous_1)","decl":{"start":{"line":33,"column":2},"end":{"line":33,"column":3}},"loc":{"start":{"line":33,"column":55},"end":{"line":40,"column":3}},"line":33},"2":{"name":"(anonymous_2)","decl":{"start":{"line":42,"column":13},"end":{"line":42,"column":14}},"loc":{"start":{"line":42,"column":55},"end":{"line":44,"column":3}},"line":42},"3":{"name":"(anonymous_3)","decl":{"start":{"line":46,"column":18},"end":{"line":46,"column":19}},"loc":{"start":{"line":49,"column":32},"end":{"line":49,"column":73}},"line":49},"4":{"name":"(anonymous_4)","decl":{"start":{"line":51,"column":16},"end":{"line":51,"column":17}},"loc":{"start":{"line":54,"column":30},"end":{"line":54,"column":65}},"line":54},"5":{"name":"(anonymous_5)","decl":{"start":{"line":56,"column":23},"end":{"line":56,"column":24}},"loc":{"start":{"line":58,"column":40},"end":{"line":62,"column":3}},"line":58},"6":{"name":"(anonymous_6)","decl":{"start":{"line":64,"column":18},"end":{"line":64,"column":19}},"loc":{"start":{"line":64,"column":32},"end":{"line":72,"column":3}},"line":64},"7":{"name":"(anonymous_7)","decl":{"start":{"line":74,"column":23},"end":{"line":74,"column":24}},"loc":{"start":{"line":76,"column":30},"end":{"line":91,"column":3}},"line":76},"8":{"name":"(anonymous_8)","decl":{"start":{"line":93,"column":20},"end":{"line":93,"column":21}},"loc":{"start":{"line":93,"column":59},"end":{"line":99,"column":3}},"line":93},"9":{"name":"(anonymous_9)","decl":{"start":{"line":101,"column":23},"end":{"line":101,"column":24}},"loc":{"start":{"line":101,"column":50},"end":{"line":112,"column":3}},"line":101},"10":{"name":"(anonymous_10)","decl":{"start":{"line":105,"column":6},"end":{"line":105,"column":7}},"loc":{"start":{"line":105,"column":17},"end":{"line":105,"column":59}},"line":105}},"branchMap":{"0":{"loc":{"start":{"line":33,"column":31},"end":{"line":33,"column":53}},"type":"default-arg","locations":[{"start":{"line":33,"column":38},"end":{"line":33,"column":53}}],"line":33},"1":{"loc":{"start":{"line":66,"column":6},"end":{"line":69,"column":7}},"type":"if","locations":[{"start":{"line":66,"column":6},"end":{"line":69,"column":7}},{"start":{"line":66,"column":6},"end":{"line":69,"column":7}}],"line":66},"2":{"loc":{"start":{"line":81,"column":6},"end":{"line":83,"column":7}},"type":"if","locations":[{"start":{"line":81,"column":6},"end":{"line":83,"column":7}},{"start":{"line":81,"column":6},"end":{"line":83,"column":7}}],"line":81},"3":{"loc":{"start":{"line":85,"column":6},"end":{"line":87,"column":7}},"type":"if","locations":[{"start":{"line":85,"column":6},"end":{"line":87,"column":7}},{"start":{"line":85,"column":6},"end":{"line":87,"column":7}}],"line":85},"4":{"loc":{"start":{"line":107,"column":4},"end":{"line":111,"column":5}},"type":"if","locations":[{"start":{"line":107,"column":4},"end":{"line":111,"column":5}},{"start":{"line":107,"column":4},"end":{"line":111,"column":5}}],"line":107}},"s":{"0":3,"1":3,"2":0,"3":0,"4":3,"5":3,"6":3,"7":3,"8":3,"9":3,"10":8,"11":3,"12":0,"13":3,"14":1,"15":3,"16":0,"17":3,"18":4,"19":4,"20":4,"21":3,"22":4,"23":4,"24":6,"25":3,"26":3,"27":1,"28":3,"29":3,"30":3,"31":3,"32":11,"33":0,"34":11,"35":11,"36":1,"37":2,"38":2,"39":3,"40":4,"41":4,"42":3,"43":2,"44":2,"45":3,"46":0,"47":0,"48":0,"49":0,"50":0,"51":0},"f":{"0":0,"1":3,"2":0,"3":1,"4":0,"5":4,"6":4,"7":3,"8":4,"9":0,"10":0},"b":{"0":[0],"1":[3,3],"2":[0,11],"3":[1,10],"4":[0,0]},"_coverageSchema":"1a1c01bbd47fc00a2c39e90264f33305004495a9","hash":"85137329c1668e35897d4ca667789dae00bf0440"}
,"/Users/princesehrawat/collegedunia/coffee-machine/src/store.ts": {"path":"/Users/princesehrawat/collegedunia/coffee-machine/src/store.ts","statementMap":{"0":{"start":{"line":8,"column":21},"end":{"line":8,"column":42}},"1":{"start":{"line":9,"column":2},"end":{"line":9,"column":43}},"2":{"start":{"line":13,"column":2},"end":{"line":13,"column":62}},"3":{"start":{"line":20,"column":15},"end":{"line":20,"column":28}},"4":{"start":{"line":21,"column":22},"end":{"line":21,"column":57}},"5":{"start":{"line":22,"column":2},"end":{"line":26,"column":3}},"6":{"start":{"line":23,"column":4},"end":{"line":23,"column":43}},"7":{"start":{"line":25,"column":4},"end":{"line":25,"column":44}},"8":{"start":{"line":27,"column":2},"end":{"line":27,"column":50}},"9":{"start":{"line":28,"column":2},"end":{"line":28,"column":28}},"10":{"start":{"line":35,"column":15},"end":{"line":35,"column":28}},"11":{"start":{"line":36,"column":20},"end":{"line":36,"column":44}},"12":{"start":{"line":37,"column":2},"end":{"line":37,"column":42}},"13":{"start":{"line":38,"column":2},"end":{"line":38,"column":37}},"14":{"start":{"line":39,"column":2},"end":{"line":39,"column":28}},"15":{"start":{"line":43,"column":15},"end":{"line":43,"column":24}},"16":{"start":{"line":44,"column":2},"end":{"line":44,"column":38}}},"fnMap":{"0":{"name":"GetData","decl":{"start":{"line":7,"column":16},"end":{"line":7,"column":23}},"loc":{"start":{"line":7,"column":48},"end":{"line":10,"column":1}},"line":7},"1":{"name":"SetData","decl":{"start":{"line":12,"column":22},"end":{"line":12,"column":29}},"loc":{"start":{"line":12,"column":65},"end":{"line":14,"column":1}},"line":12},"2":{"name":"StoreIngredient","decl":{"start":{"line":16,"column":22},"end":{"line":16,"column":37}},"loc":{"start":{"line":19,"column":2},"end":{"line":29,"column":1}},"line":19},"3":{"name":"StoreBeverage","decl":{"start":{"line":31,"column":22},"end":{"line":31,"column":35}},"loc":{"start":{"line":34,"column":2},"end":{"line":40,"column":1}},"line":34},"4":{"name":"GetOutlets","decl":{"start":{"line":42,"column":22},"end":{"line":42,"column":32}},"loc":{"start":{"line":42,"column":52},"end":{"line":45,"column":1}},"line":42}},"branchMap":{"0":{"loc":{"start":{"line":7,"column":24},"end":{"line":7,"column":46}},"type":"default-arg","locations":[{"start":{"line":7,"column":31},"end":{"line":7,"column":46}}],"line":7},"1":{"loc":{"start":{"line":12,"column":41},"end":{"line":12,"column":63}},"type":"default-arg","locations":[{"start":{"line":12,"column":48},"end":{"line":12,"column":63}}],"line":12},"2":{"loc":{"start":{"line":18,"column":2},"end":{"line":18,"column":24}},"type":"default-arg","locations":[{"start":{"line":18,"column":9},"end":{"line":18,"column":24}}],"line":18},"3":{"loc":{"start":{"line":22,"column":2},"end":{"line":26,"column":3}},"type":"if","locations":[{"start":{"line":22,"column":2},"end":{"line":26,"column":3}},{"start":{"line":22,"column":2},"end":{"line":26,"column":3}}],"line":22},"4":{"loc":{"start":{"line":33,"column":2},"end":{"line":33,"column":24}},"type":"default-arg","locations":[{"start":{"line":33,"column":9},"end":{"line":33,"column":24}}],"line":33}},"s":{"0":10,"1":10,"2":3,"3":1,"4":1,"5":1,"6":0,"7":1,"8":1,"9":1,"10":0,"11":0,"12":0,"13":0,"14":0,"15":0,"16":0},"f":{"0":10,"1":3,"2":1,"3":0,"4":0},"b":{"0":[0],"1":[2],"2":[0],"3":[0,1],"4":[0]},"_coverageSchema":"1a1c01bbd47fc00a2c39e90264f33305004495a9","hash":"8fe44b19f5da5c280704334aa8de46ce8afb81e9"}
}
