TN:
SF:src/beverages.ts
FN:11,(anonymous_0)
FNF:1
FNH:0
FNDA:0,(anonymous_0)
DA:12,0
DA:13,0
LF:2
LH:0
BRF:0
BRH:0
end_of_record
TN:
SF:src/ingredients.ts
FN:11,(anonymous_0)
FNF:1
FNH:1
FNDA:1,(anonymous_0)
DA:12,1
DA:13,1
LF:2
LH:2
BRF:0
BRH:0
end_of_record
TN:
SF:src/machine.ts
FN:15,handleCompletion
FN:33,(anonymous_1)
FN:42,(anonymous_2)
FN:46,(anonymous_3)
FN:51,(anonymous_4)
FN:56,(anonymous_5)
FN:64,(anonymous_6)
FN:74,(anonymous_7)
FN:93,(anonymous_8)
FN:101,(anonymous_9)
FN:105,(anonymous_10)
FNF:11
FNH:6
FNDA:0,handleCompletion
FNDA:3,(anonymous_1)
FNDA:0,(anonymous_2)
FNDA:1,(anonymous_3)
FNDA:0,(anonymous_4)
FNDA:4,(anonymous_5)
FNDA:4,(anonymous_6)
FNDA:3,(anonymous_7)
FNDA:4,(anonymous_8)
FNDA:0,(anonymous_9)
FNDA:0,(anonymous_10)
DA:12,3
DA:13,3
DA:20,0
DA:21,0
DA:31,3
DA:34,3
DA:35,3
DA:36,3
DA:37,3
DA:38,8
DA:42,3
DA:43,0
DA:46,3
DA:49,1
DA:51,3
DA:54,0
DA:56,3
DA:59,4
DA:60,4
DA:61,4
DA:64,3
DA:65,4
DA:66,6
DA:67,3
DA:68,3
DA:71,1
DA:74,3
DA:77,3
DA:78,3
DA:80,3
DA:81,11
DA:82,0
DA:84,11
DA:85,11
DA:86,1
DA:89,2
DA:90,2
DA:93,3
DA:94,4
DA:95,4
DA:96,3
DA:97,2
DA:98,2
DA:101,3
DA:102,0
DA:103,0
DA:104,0
DA:105,0
DA:107,0
DA:108,0
LF:50
LH:39
BRDA:33,0,0,0
BRDA:66,1,0,3
BRDA:66,1,1,3
BRDA:81,2,0,0
BRDA:81,2,1,11
BRDA:85,3,0,1
BRDA:85,3,1,10
BRDA:107,4,0,0
BRDA:107,4,1,0
BRF:9
BRH:5
end_of_record
TN:
SF:src/store.ts
FN:7,GetData
FN:12,SetData
FN:16,StoreIngredient
FN:31,StoreBeverage
FN:42,GetOutlets
FNF:5
FNH:3
FNDA:10,GetData
FNDA:3,SetData
FNDA:1,StoreIngredient
FNDA:0,StoreBeverage
FNDA:0,GetOutlets
DA:8,10
DA:9,10
DA:13,3
DA:20,1
DA:21,1
DA:22,1
DA:23,0
DA:25,1
DA:27,1
DA:28,1
DA:35,0
DA:36,0
DA:37,0
DA:38,0
DA:39,0
DA:43,0
DA:44,0
LF:17
LH:9
BRDA:7,0,0,0
BRDA:12,1,0,2
BRDA:18,2,0,0
BRDA:22,3,0,0
BRDA:22,3,1,1
BRDA:33,4,0,0
BRF:6
BRH:2
end_of_record
